<?xml version="1.0" encoding="UTF-8"?>
<testng-results skipped="0" failed="0" ignored="0" total="2" passed="2">
  <reporter-output>
  </reporter-output>
  <suite name="Default suite" duration-ms="179959" started-at="2019-08-18T12:34:33Z" finished-at="2019-08-18T12:37:33Z">
    <groups>
    </groups>
    <test name="Default test" duration-ms="179959" started-at="2019-08-18T12:34:33Z" finished-at="2019-08-18T12:37:33Z">
      <class name="com.edkal.qa.testcases.AmazonSearchTests">
        <test-method status="PASS" signature="setup()[pri:0, instance:com.edkal.qa.testcases.AmazonSearchTests@1a5fe33]" name="setup" is-config="true" duration-ms="9503" started-at="2019-08-18T12:34:33Z" finished-at="2019-08-18T12:34:42Z">
          <reporter-output>
          </reporter-output>
        </test-method> <!-- setup -->
        <test-method status="PASS" signature="addUniqueBestSellerItemsToCart()[pri:0, instance:com.edkal.qa.testcases.AmazonSearchTests@1a5fe33]" name="addUniqueBestSellerItemsToCart" duration-ms="68792" started-at="2019-08-18T12:34:42Z" finished-at="2019-08-18T12:35:51Z">
          <reporter-output>
          </reporter-output>
        </test-method> <!-- addUniqueBestSellerItemsToCart -->
        <test-method status="PASS" signature="cleanUp()[pri:0, instance:com.edkal.qa.testcases.AmazonSearchTests@1a5fe33]" name="cleanUp" is-config="true" duration-ms="1004" started-at="2019-08-18T12:35:51Z" finished-at="2019-08-18T12:35:52Z">
          <reporter-output>
          </reporter-output>
        </test-method> <!-- cleanUp -->
        <test-method status="PASS" signature="setup()[pri:0, instance:com.edkal.qa.testcases.AmazonSearchTests@1a5fe33]" name="setup" is-config="true" duration-ms="8595" started-at="2019-08-18T12:35:52Z" finished-at="2019-08-18T12:36:01Z">
          <reporter-output>
          </reporter-output>
        </test-method> <!-- setup -->
        <test-method status="PASS" signature="addAllBestSellerItemsToCart()[pri:1, instance:com.edkal.qa.testcases.AmazonSearchTests@1a5fe33]" name="addAllBestSellerItemsToCart" duration-ms="90832" started-at="2019-08-18T12:36:01Z" finished-at="2019-08-18T12:37:32Z">
          <reporter-output>
          </reporter-output>
        </test-method> <!-- addAllBestSellerItemsToCart -->
        <test-method status="PASS" signature="cleanUp()[pri:0, instance:com.edkal.qa.testcases.AmazonSearchTests@1a5fe33]" name="cleanUp" is-config="true" duration-ms="1192" started-at="2019-08-18T12:37:32Z" finished-at="2019-08-18T12:37:33Z">
          <reporter-output>
          </reporter-output>
        </test-method> <!-- cleanUp -->
      </class> <!-- com.edkal.qa.testcases.AmazonSearchTests -->
    </test> <!-- Default test -->
  </suite> <!-- Default suite -->
</testng-results>
