<?xml version="1.0" encoding="UTF-8"?>
<!-- Generated by org.testng.reporters.JUnitXMLReporter -->
<testsuite hostname="DESKTOP-9HTBQ3T" ignored="0" name="Default test" tests="2" failures="0" timestamp="18 Aug 2019 12:37:33 GMT" time="179.959" errors="0">
  <testcase name="addUniqueBestSellerItemsToCart" time="68.792" classname="com.edkal.qa.testcases.AmazonSearchTests"/>
  <testcase name="addAllBestSellerItemsToCart" time="90.832" classname="com.edkal.qa.testcases.AmazonSearchTests"/>
</testsuite> <!-- Default test -->
